<?xml version="1.0" encoding="UTF-8"?>
<!-- Generated by org.testng.reporters.JUnitXMLReporter -->
<testsuite ignored="6" hostname="DESKTOP-JTNBIV4" failures="0" tests="4" name="Assessment Test" time="39.096" errors="0" timestamp="2022-08-30T03:36:38 EET">
  <testcase classname="tests.homePageTest" name="userCanGoSignPage" time="3.114"/>
  <testcase classname="tests.SignUpTest" name="userCanCreateAccount" time="0.513"/>
  <testcase classname="tests.RegistrationTest" name="UserCanRegister" time="7.77"/>
  <testcase classname="tests.OrderTest" name="userCanOrder" time="26.989"/>
  <testcase classname="tests.testBase" name="@AfterSuite stopDriver" time="0.0">
    <ignored/>
  </testcase> <!-- @AfterSuite stopDriver -->
  <testcase classname="tests.testBase" name="@AfterSuite stopDriver" time="0.0">
    <ignored/>
  </testcase> <!-- @AfterSuite stopDriver -->
  <testcase classname="tests.testBase" name="@AfterSuite stopDriver" time="0.0">
    <ignored/>
  </testcase> <!-- @AfterSuite stopDriver -->
  <testcase classname="tests.testBase" name="@BeforeSuite startDriver" time="0.0">
    <ignored/>
  </testcase> <!-- @BeforeSuite startDriver -->
  <testcase classname="tests.testBase" name="@BeforeSuite startDriver" time="0.0">
    <ignored/>
  </testcase> <!-- @BeforeSuite startDriver -->
  <testcase classname="tests.testBase" name="@BeforeSuite startDriver" time="0.0">
    <ignored/>
  </testcase> <!-- @BeforeSuite startDriver -->
</testsuite> <!-- Assessment Test -->
